c.y : warning : 1 shift/reduce conflict [-Wconflicts-sr]
  c.y: note: rerun with option '-Wcounterexamples' to generate conflict counterexamples
  SimpleCLexer.c
  c.tab.c
c.y(90,169): warning C4020: 'createDeclarationNode': too many actual parameters
c.y(91,169): warning C4020: 'createDeclarationNode': too many actual parameters
c.y(129,161): warning C4013: 'createEmptyList' undefined; assuming extern returning int
c.y(129,182): warning C4047: '=': 'Node *' differs in levels of indirection from 'int'
c.y(134,178): warning C4047: '=': 'Node *' differs in levels of indirection from 'int'
c.y(212,168): warning C4047: 'function': 'Node *' differs in levels of indirection from 'int'
c.y(212,160): warning C4024: 'createFactor': different types for formal and actual parameter 1
c.y(216,140): warning C4013: 'createCall' undefined; assuming extern returning int
c.y(216,179): warning C4047: '=': 'Node *' differs in levels of indirection from 'int'
c.y(220,148): warning C4013: 'createArgs' undefined; assuming extern returning int
c.y(220,165): warning C4047: '=': 'Node *' differs in levels of indirection from 'int'
  lex.yy.c
c.lex(17,10): warning C4013: 'comment' undefined; assuming extern returning int
lex.yy.c(1506,46): warning C4013: 'isatty' undefined; assuming extern returning int
  Generating Code...
C:\Users\peris\Desktop\TD\SimpleCLexer\SimpleCLexer\c.lex(76): warning C4716: 'comment': must return a value
  SimpleCLexer.vcxproj -> C:\Users\peris\Desktop\TD\SimpleCLexer\Debug\SimpleCLexer.exe
