c:\users\peris\desktop\td\simpleclexer\simpleclexer\debug\vc142.pdb
c:\users\peris\desktop\td\simpleclexer\simpleclexer\debug\vc142.idb
c:\users\peris\desktop\td\simpleclexer\simpleclexer\debug\simpleclexer.obj
c:\users\peris\desktop\td\simpleclexer\simpleclexer\debug\lex.yy.obj
c:\users\peris\desktop\td\simpleclexer\simpleclexer\debug\c.tab.obj
c:\users\peris\desktop\td\simpleclexer\debug\simpleclexer.pdb
c:\users\peris\desktop\td\simpleclexer\simpleclexer\debug\simpleclexer.tlog\cl.command.1.tlog
c:\users\peris\desktop\td\simpleclexer\simpleclexer\debug\simpleclexer.tlog\cl.read.1.tlog
c:\users\peris\desktop\td\simpleclexer\simpleclexer\debug\simpleclexer.tlog\cl.write.1.tlog
c:\users\peris\desktop\td\simpleclexer\simpleclexer\debug\simpleclexer.tlog\link-cvtres.read.1.tlog
c:\users\peris\desktop\td\simpleclexer\simpleclexer\debug\simpleclexer.tlog\link-cvtres.write.1.tlog
c:\users\peris\desktop\td\simpleclexer\simpleclexer\debug\simpleclexer.tlog\link-rc.read.1.tlog
c:\users\peris\desktop\td\simpleclexer\simpleclexer\debug\simpleclexer.tlog\link-rc.write.1.tlog
c:\users\peris\desktop\td\simpleclexer\simpleclexer\debug\simpleclexer.tlog\link.2704-cvtres.read.1.tlog
c:\users\peris\desktop\td\simpleclexer\simpleclexer\debug\simpleclexer.tlog\link.2704-cvtres.write.1.tlog
c:\users\peris\desktop\td\simpleclexer\simpleclexer\debug\simpleclexer.tlog\link.2704-rc.read.1.tlog
c:\users\peris\desktop\td\simpleclexer\simpleclexer\debug\simpleclexer.tlog\link.2704-rc.write.1.tlog
c:\users\peris\desktop\td\simpleclexer\simpleclexer\debug\simpleclexer.tlog\link.2704.read.1.tlog
c:\users\peris\desktop\td\simpleclexer\simpleclexer\debug\simpleclexer.tlog\link.2704.write.1.tlog
c:\users\peris\desktop\td\simpleclexer\simpleclexer\debug\simpleclexer.tlog\link.command.1.tlog
c:\users\peris\desktop\td\simpleclexer\simpleclexer\debug\simpleclexer.tlog\link.read.1.tlog
c:\users\peris\desktop\td\simpleclexer\simpleclexer\debug\simpleclexer.tlog\link.write.1.tlog
